
===== 2026-07-08 15:22:43 й–Ӣе§Ӣ =====
2026-07-08 15:22:45 жӯЈеёёзөӮдәҶ
еҮәеҠӣгғ•гӮЎгӮӨгғ«: C:\Users\user\CloudEngineerLab\AWS\Automation\Reports\EC2\EC2Report.csv
===== 2026-07-08 15:22:45 зөӮдәҶ =====


===== 2026-07-08 15:47:01 й–Ӣе§Ӣ =====
2026-07-08 15:47:05 CSVдҪңжҲҗжҲҗеҠҹ
дҝқеӯҳе…Ҳ: C:\Users\user\CloudEngineerLab\AWS\Automation\Reports\EC2\EC2Report.csv
2026-07-08 15:47:06 S3гӮўгғғгғ—гғӯгғјгғүжҲҗеҠҹ
дҝқеӯҳе…Ҳ: s3://cloud-engineer-lab-wasabi-520819077064-ap-northeast-3-an/EC2/2026/07/08/EC2Report_20260708_154705.csv
2026-07-08 15:47:06 жӯЈеёёзөӮдәҶ
===== 2026-07-08 15:47:06 зөӮдәҶ =====


===== 2026-07-08 16:09:51 й–Ӣе§ҒE=====
2026-07-08 16:09:55 CSVдҪңжҒEжҲҗеҠҹ
дҝқеӯҳеҒE: C:\Users\user\CloudEngineerLab\AWS\Automation\Reports\EC2\EC2Report.csv
===== 2026-07-08 16:09:56 зөӮдәҒE=====


===== 2026-07-08 16:35:54 й–Ӣе§Ӣ =====
2026-07-08 16:35:58 CSVдҪңжҲҗжҲҗеҠҹ
дҝқеӯҳе…Ҳ: C:\Users\user\CloudEngineerLab\AWS\Automation\Reports\EC2\EC2Report.csv
2026-07-08 16:35:58 еҒңжӯўдёӯEC2гғ¬гғқгғјгғҲдҪңжҲҗжҲҗеҠҹ
дҝқеӯҳе…Ҳ: C:\Users\user\CloudEngineerLab\AWS\Automation\Reports\EC2\StoppedEC2Report.csv
2026-07-08 16:36:00 EC2гғ¬гғқгғјгғҲS3гӮўгғғгғ—гғӯгғјгғүжҲҗеҠҹ
дҝқеӯҳе…Ҳ: s3://cloud-engineer-lab-wasabi-520819077064-ap-northeast-3-an/EC2/2026/07/08/EC2Report_20260708_163558.csv
2026-07-08 16:36:01 еҒңжӯўдёӯEC2 S3гӮўгғғгғ—гғӯгғјгғүжҲҗеҠҹ
дҝқеӯҳе…Ҳ: s3://cloud-engineer-lab-wasabi-520819077064-ap-northeast-3-an/EC2/2026/07/08/StoppedEC2Report_20260708_163600.csv
2026-07-08 16:36:01 жӯЈеёёзөӮдәҶ
===== 2026-07-08 16:36:01 зөӮдәҶ =====

